  Main.cpp
c:\program files (x86)\microsoft visual studio\2017\community\vc\tools\msvc\14.10.25017\include\memory(53): warning C4996: 'std::uninitialized_copy::_Unchecked_iterators::_Deprecate': Call to 'std::uninitialized_copy' with parameters that may be unsafe - this call relies on the caller to check that the passed values are correct. To disable this warning, use -D_SCL_SECURE_NO_WARNINGS. See documentation on how to use Visual C++ 'Checked Iterators'
  c:\program files (x86)\microsoft visual studio\2017\community\vc\tools\msvc\14.10.25017\include\memory(53): note: zobacz deklarację „std::uninitialized_copy::_Unchecked_iterators::_Deprecate”
  c:\local\boost_1_64_0\boost\signals2\detail\auto_buffer.hpp(191): note: zobacz odwołanie do funkcji szablon; wystąpienie „_FwdIt *std::uninitialized_copy<I,boost::shared_ptr<void>*>(_InIt,_InIt,_FwdIt)” jest kompilowane
          with
          [
              _FwdIt=boost::shared_ptr<void> *,
              I=boost::shared_ptr<void> *,
              _InIt=boost::shared_ptr<void> *
          ]
  c:\local\boost_1_64_0\boost\signals2\detail\auto_buffer.hpp(178): note: zobacz odwołanie do funkcji szablon; wystąpienie „void boost::signals2::detail::auto_buffer<boost::shared_ptr<void>,boost::signals2::detail::store_n_objects<10>,boost::signals2::detail::default_grow_policy,std::allocator<T>>::copy_rai<I,false>(I,I,boost::shared_ptr<void> *,const boost::integral_constant<bool,false> &)” jest kompilowane
          with
          [
              T=boost::shared_ptr<void>,
              I=boost::shared_ptr<void> *
          ]
  c:\local\boost_1_64_0\boost\signals2\detail\auto_buffer.hpp(178): note: zobacz odwołanie do funkcji szablon; wystąpienie „void boost::signals2::detail::auto_buffer<boost::shared_ptr<void>,boost::signals2::detail::store_n_objects<10>,boost::signals2::detail::default_grow_policy,std::allocator<T>>::copy_rai<I,false>(I,I,boost::shared_ptr<void> *,const boost::integral_constant<bool,false> &)” jest kompilowane
          with
          [
              T=boost::shared_ptr<void>,
              I=boost::shared_ptr<void> *
          ]
  c:\local\boost_1_64_0\boost\signals2\detail\auto_buffer.hpp(204): note: zobacz odwołanie do funkcji szablon; wystąpienie „void boost::signals2::detail::auto_buffer<boost::shared_ptr<void>,boost::signals2::detail::store_n_objects<10>,boost::signals2::detail::default_grow_policy,std::allocator<T>>::copy_impl<I>(I,I,boost::shared_ptr<void> *,std::random_access_iterator_tag)” jest kompilowane
          with
          [
              T=boost::shared_ptr<void>,
              I=boost::shared_ptr<void> *
          ]
  c:\local\boost_1_64_0\boost\signals2\detail\auto_buffer.hpp(203): note: zobacz odwołanie do funkcji szablon; wystąpienie „void boost::signals2::detail::auto_buffer<boost::shared_ptr<void>,boost::signals2::detail::store_n_objects<10>,boost::signals2::detail::default_grow_policy,std::allocator<T>>::copy_impl<I>(I,I,boost::shared_ptr<void> *,std::random_access_iterator_tag)” jest kompilowane
          with
          [
              T=boost::shared_ptr<void>,
              I=boost::shared_ptr<void> *
          ]
  c:\local\boost_1_64_0\boost\signals2\detail\auto_buffer.hpp(296): note: zobacz odwołanie do funkcji szablon; wystąpienie „void boost::signals2::detail::auto_buffer<boost::shared_ptr<void>,boost::signals2::detail::store_n_objects<10>,boost::signals2::detail::default_grow_policy,std::allocator<T>>::copy_impl<boost::shared_ptr<void>*>(I,I,boost::shared_ptr<void> *)” jest kompilowane
          with
          [
              T=boost::shared_ptr<void>,
              I=boost::shared_ptr<void> *
          ]
  c:\local\boost_1_64_0\boost\signals2\detail\auto_buffer.hpp(296): note: zobacz odwołanie do funkcji szablon; wystąpienie „void boost::signals2::detail::auto_buffer<boost::shared_ptr<void>,boost::signals2::detail::store_n_objects<10>,boost::signals2::detail::default_grow_policy,std::allocator<T>>::copy_impl<boost::shared_ptr<void>*>(I,I,boost::shared_ptr<void> *)” jest kompilowane
          with
          [
              T=boost::shared_ptr<void>,
              I=boost::shared_ptr<void> *
          ]
  c:\local\boost_1_64_0\boost\signals2\detail\auto_buffer.hpp(294): note: podczas kompilowania funkcji członkowskiej „<Nieznany>” klasy klasa <Nieznany>
  c:\local\boost_1_64_0\boost\signals2\detail\auto_buffer.hpp(302): note: zobacz odwołanie do funkcji szablon; wystąpienie „boost::shared_ptr<void> *boost::signals2::detail::auto_buffer<boost::shared_ptr<void>,boost::signals2::detail::store_n_objects<10>,boost::signals2::detail::default_grow_policy,std::allocator<T>>::move_to_new_buffer(unsigned __int64,const boost::true_type &)” jest kompilowane
          with
          [
              T=boost::shared_ptr<void>
          ]
  c:\local\boost_1_64_0\boost\signals2\connection.hpp(53): note: zobacz odwołanie do klasy klasa szablon; wystąpienie „boost::signals2::detail::auto_buffer<boost::shared_ptr<void>,boost::signals2::detail::store_n_objects<10>,boost::signals2::detail::default_grow_policy,std::allocator<T>>” jest kompilowane
          with
          [
              T=boost::shared_ptr<void>
          ]
  c:\local\boost_1_64_0\boost\signals2\connection.hpp(55): note: zobacz odwołanie do klasy klasa szablon; wystąpienie „boost::signals2::detail::garbage_collecting_lock<Mutex>” jest kompilowane
  c:\local\boost_1_64_0\boost\bind\placeholders.hpp(54): note: zobacz odwołanie do klasy klasa szablon; wystąpienie „boost::arg<9>” jest kompilowane
  c:\local\boost_1_64_0\boost\bind\placeholders.hpp(53): note: zobacz odwołanie do klasy klasa szablon; wystąpienie „boost::arg<8>” jest kompilowane
  c:\local\boost_1_64_0\boost\bind\placeholders.hpp(52): note: zobacz odwołanie do klasy klasa szablon; wystąpienie „boost::arg<7>” jest kompilowane
  c:\local\boost_1_64_0\boost\bind\placeholders.hpp(51): note: zobacz odwołanie do klasy klasa szablon; wystąpienie „boost::arg<6>” jest kompilowane
  c:\local\boost_1_64_0\boost\bind\placeholders.hpp(50): note: zobacz odwołanie do klasy klasa szablon; wystąpienie „boost::arg<5>” jest kompilowane
  c:\local\boost_1_64_0\boost\bind\placeholders.hpp(49): note: zobacz odwołanie do klasy klasa szablon; wystąpienie „boost::arg<4>” jest kompilowane
  c:\local\boost_1_64_0\boost\bind\placeholders.hpp(48): note: zobacz odwołanie do klasy klasa szablon; wystąpienie „boost::arg<3>” jest kompilowane
  c:\local\boost_1_64_0\boost\bind\placeholders.hpp(47): note: zobacz odwołanie do klasy klasa szablon; wystąpienie „boost::arg<2>” jest kompilowane
  c:\local\boost_1_64_0\boost\bind\placeholders.hpp(46): note: zobacz odwołanie do klasy klasa szablon; wystąpienie „boost::arg<1>” jest kompilowane
  ThreadPrinter.cpp
  TCPThread.cpp
c:\program files (x86)\microsoft visual studio\2017\community\vc\tools\msvc\14.10.25017\include\memory(53): warning C4996: 'std::uninitialized_copy::_Unchecked_iterators::_Deprecate': Call to 'std::uninitialized_copy' with parameters that may be unsafe - this call relies on the caller to check that the passed values are correct. To disable this warning, use -D_SCL_SECURE_NO_WARNINGS. See documentation on how to use Visual C++ 'Checked Iterators'
  c:\program files (x86)\microsoft visual studio\2017\community\vc\tools\msvc\14.10.25017\include\memory(53): note: zobacz deklarację „std::uninitialized_copy::_Unchecked_iterators::_Deprecate”
  c:\local\boost_1_64_0\boost\signals2\detail\auto_buffer.hpp(191): note: zobacz odwołanie do funkcji szablon; wystąpienie „_FwdIt *std::uninitialized_copy<I,boost::shared_ptr<void>*>(_InIt,_InIt,_FwdIt)” jest kompilowane
          with
          [
              _FwdIt=boost::shared_ptr<void> *,
              I=boost::shared_ptr<void> *,
              _InIt=boost::shared_ptr<void> *
          ]
  c:\local\boost_1_64_0\boost\signals2\detail\auto_buffer.hpp(178): note: zobacz odwołanie do funkcji szablon; wystąpienie „void boost::signals2::detail::auto_buffer<boost::shared_ptr<void>,boost::signals2::detail::store_n_objects<10>,boost::signals2::detail::default_grow_policy,std::allocator<T>>::copy_rai<I,false>(I,I,boost::shared_ptr<void> *,const boost::integral_constant<bool,false> &)” jest kompilowane
          with
          [
              T=boost::shared_ptr<void>,
              I=boost::shared_ptr<void> *
          ]
  c:\local\boost_1_64_0\boost\signals2\detail\auto_buffer.hpp(178): note: zobacz odwołanie do funkcji szablon; wystąpienie „void boost::signals2::detail::auto_buffer<boost::shared_ptr<void>,boost::signals2::detail::store_n_objects<10>,boost::signals2::detail::default_grow_policy,std::allocator<T>>::copy_rai<I,false>(I,I,boost::shared_ptr<void> *,const boost::integral_constant<bool,false> &)” jest kompilowane
          with
          [
              T=boost::shared_ptr<void>,
              I=boost::shared_ptr<void> *
          ]
  c:\local\boost_1_64_0\boost\signals2\detail\auto_buffer.hpp(204): note: zobacz odwołanie do funkcji szablon; wystąpienie „void boost::signals2::detail::auto_buffer<boost::shared_ptr<void>,boost::signals2::detail::store_n_objects<10>,boost::signals2::detail::default_grow_policy,std::allocator<T>>::copy_impl<I>(I,I,boost::shared_ptr<void> *,std::random_access_iterator_tag)” jest kompilowane
          with
          [
              T=boost::shared_ptr<void>,
              I=boost::shared_ptr<void> *
          ]
  c:\local\boost_1_64_0\boost\signals2\detail\auto_buffer.hpp(203): note: zobacz odwołanie do funkcji szablon; wystąpienie „void boost::signals2::detail::auto_buffer<boost::shared_ptr<void>,boost::signals2::detail::store_n_objects<10>,boost::signals2::detail::default_grow_policy,std::allocator<T>>::copy_impl<I>(I,I,boost::shared_ptr<void> *,std::random_access_iterator_tag)” jest kompilowane
          with
          [
              T=boost::shared_ptr<void>,
              I=boost::shared_ptr<void> *
          ]
  c:\local\boost_1_64_0\boost\signals2\detail\auto_buffer.hpp(296): note: zobacz odwołanie do funkcji szablon; wystąpienie „void boost::signals2::detail::auto_buffer<boost::shared_ptr<void>,boost::signals2::detail::store_n_objects<10>,boost::signals2::detail::default_grow_policy,std::allocator<T>>::copy_impl<boost::shared_ptr<void>*>(I,I,boost::shared_ptr<void> *)” jest kompilowane
          with
          [
              T=boost::shared_ptr<void>,
              I=boost::shared_ptr<void> *
          ]
  c:\local\boost_1_64_0\boost\signals2\detail\auto_buffer.hpp(296): note: zobacz odwołanie do funkcji szablon; wystąpienie „void boost::signals2::detail::auto_buffer<boost::shared_ptr<void>,boost::signals2::detail::store_n_objects<10>,boost::signals2::detail::default_grow_policy,std::allocator<T>>::copy_impl<boost::shared_ptr<void>*>(I,I,boost::shared_ptr<void> *)” jest kompilowane
          with
          [
              T=boost::shared_ptr<void>,
              I=boost::shared_ptr<void> *
          ]
  c:\local\boost_1_64_0\boost\signals2\detail\auto_buffer.hpp(294): note: podczas kompilowania funkcji członkowskiej „<Nieznany>” klasy klasa <Nieznany>
  c:\local\boost_1_64_0\boost\signals2\detail\auto_buffer.hpp(302): note: zobacz odwołanie do funkcji szablon; wystąpienie „boost::shared_ptr<void> *boost::signals2::detail::auto_buffer<boost::shared_ptr<void>,boost::signals2::detail::store_n_objects<10>,boost::signals2::detail::default_grow_policy,std::allocator<T>>::move_to_new_buffer(unsigned __int64,const boost::true_type &)” jest kompilowane
          with
          [
              T=boost::shared_ptr<void>
          ]
  c:\local\boost_1_64_0\boost\signals2\connection.hpp(53): note: zobacz odwołanie do klasy klasa szablon; wystąpienie „boost::signals2::detail::auto_buffer<boost::shared_ptr<void>,boost::signals2::detail::store_n_objects<10>,boost::signals2::detail::default_grow_policy,std::allocator<T>>” jest kompilowane
          with
          [
              T=boost::shared_ptr<void>
          ]
  c:\local\boost_1_64_0\boost\signals2\connection.hpp(55): note: zobacz odwołanie do klasy klasa szablon; wystąpienie „boost::signals2::detail::garbage_collecting_lock<Mutex>” jest kompilowane
  c:\local\boost_1_64_0\boost\bind\placeholders.hpp(54): note: zobacz odwołanie do klasy klasa szablon; wystąpienie „boost::arg<9>” jest kompilowane
  c:\local\boost_1_64_0\boost\bind\placeholders.hpp(53): note: zobacz odwołanie do klasy klasa szablon; wystąpienie „boost::arg<8>” jest kompilowane
  c:\local\boost_1_64_0\boost\bind\placeholders.hpp(52): note: zobacz odwołanie do klasy klasa szablon; wystąpienie „boost::arg<7>” jest kompilowane
  c:\local\boost_1_64_0\boost\bind\placeholders.hpp(51): note: zobacz odwołanie do klasy klasa szablon; wystąpienie „boost::arg<6>” jest kompilowane
  c:\local\boost_1_64_0\boost\bind\placeholders.hpp(50): note: zobacz odwołanie do klasy klasa szablon; wystąpienie „boost::arg<5>” jest kompilowane
  c:\local\boost_1_64_0\boost\bind\placeholders.hpp(49): note: zobacz odwołanie do klasy klasa szablon; wystąpienie „boost::arg<4>” jest kompilowane
  c:\local\boost_1_64_0\boost\bind\placeholders.hpp(48): note: zobacz odwołanie do klasy klasa szablon; wystąpienie „boost::arg<3>” jest kompilowane
  c:\local\boost_1_64_0\boost\bind\placeholders.hpp(47): note: zobacz odwołanie do klasy klasa szablon; wystąpienie „boost::arg<2>” jest kompilowane
  c:\local\boost_1_64_0\boost\bind\placeholders.hpp(46): note: zobacz odwołanie do klasy klasa szablon; wystąpienie „boost::arg<1>” jest kompilowane
  RecordMode.cpp
c:\program files (x86)\microsoft visual studio\2017\community\vc\tools\msvc\14.10.25017\include\memory(53): warning C4996: 'std::uninitialized_copy::_Unchecked_iterators::_Deprecate': Call to 'std::uninitialized_copy' with parameters that may be unsafe - this call relies on the caller to check that the passed values are correct. To disable this warning, use -D_SCL_SECURE_NO_WARNINGS. See documentation on how to use Visual C++ 'Checked Iterators'
  c:\program files (x86)\microsoft visual studio\2017\community\vc\tools\msvc\14.10.25017\include\memory(53): note: zobacz deklarację „std::uninitialized_copy::_Unchecked_iterators::_Deprecate”
  c:\local\boost_1_64_0\boost\signals2\detail\auto_buffer.hpp(191): note: zobacz odwołanie do funkcji szablon; wystąpienie „_FwdIt *std::uninitialized_copy<I,boost::shared_ptr<void>*>(_InIt,_InIt,_FwdIt)” jest kompilowane
          with
          [
              _FwdIt=boost::shared_ptr<void> *,
              I=boost::shared_ptr<void> *,
              _InIt=boost::shared_ptr<void> *
          ]
  c:\local\boost_1_64_0\boost\signals2\detail\auto_buffer.hpp(178): note: zobacz odwołanie do funkcji szablon; wystąpienie „void boost::signals2::detail::auto_buffer<boost::shared_ptr<void>,boost::signals2::detail::store_n_objects<10>,boost::signals2::detail::default_grow_policy,std::allocator<T>>::copy_rai<I,false>(I,I,boost::shared_ptr<void> *,const boost::integral_constant<bool,false> &)” jest kompilowane
          with
          [
              T=boost::shared_ptr<void>,
              I=boost::shared_ptr<void> *
          ]
  c:\local\boost_1_64_0\boost\signals2\detail\auto_buffer.hpp(178): note: zobacz odwołanie do funkcji szablon; wystąpienie „void boost::signals2::detail::auto_buffer<boost::shared_ptr<void>,boost::signals2::detail::store_n_objects<10>,boost::signals2::detail::default_grow_policy,std::allocator<T>>::copy_rai<I,false>(I,I,boost::shared_ptr<void> *,const boost::integral_constant<bool,false> &)” jest kompilowane
          with
          [
              T=boost::shared_ptr<void>,
              I=boost::shared_ptr<void> *
          ]
  c:\local\boost_1_64_0\boost\signals2\detail\auto_buffer.hpp(204): note: zobacz odwołanie do funkcji szablon; wystąpienie „void boost::signals2::detail::auto_buffer<boost::shared_ptr<void>,boost::signals2::detail::store_n_objects<10>,boost::signals2::detail::default_grow_policy,std::allocator<T>>::copy_impl<I>(I,I,boost::shared_ptr<void> *,std::random_access_iterator_tag)” jest kompilowane
          with
          [
              T=boost::shared_ptr<void>,
              I=boost::shared_ptr<void> *
          ]
  c:\local\boost_1_64_0\boost\signals2\detail\auto_buffer.hpp(203): note: zobacz odwołanie do funkcji szablon; wystąpienie „void boost::signals2::detail::auto_buffer<boost::shared_ptr<void>,boost::signals2::detail::store_n_objects<10>,boost::signals2::detail::default_grow_policy,std::allocator<T>>::copy_impl<I>(I,I,boost::shared_ptr<void> *,std::random_access_iterator_tag)” jest kompilowane
          with
          [
              T=boost::shared_ptr<void>,
              I=boost::shared_ptr<void> *
          ]
  c:\local\boost_1_64_0\boost\signals2\detail\auto_buffer.hpp(296): note: zobacz odwołanie do funkcji szablon; wystąpienie „void boost::signals2::detail::auto_buffer<boost::shared_ptr<void>,boost::signals2::detail::store_n_objects<10>,boost::signals2::detail::default_grow_policy,std::allocator<T>>::copy_impl<boost::shared_ptr<void>*>(I,I,boost::shared_ptr<void> *)” jest kompilowane
          with
          [
              T=boost::shared_ptr<void>,
              I=boost::shared_ptr<void> *
          ]
  c:\local\boost_1_64_0\boost\signals2\detail\auto_buffer.hpp(296): note: zobacz odwołanie do funkcji szablon; wystąpienie „void boost::signals2::detail::auto_buffer<boost::shared_ptr<void>,boost::signals2::detail::store_n_objects<10>,boost::signals2::detail::default_grow_policy,std::allocator<T>>::copy_impl<boost::shared_ptr<void>*>(I,I,boost::shared_ptr<void> *)” jest kompilowane
          with
          [
              T=boost::shared_ptr<void>,
              I=boost::shared_ptr<void> *
          ]
  c:\local\boost_1_64_0\boost\signals2\detail\auto_buffer.hpp(294): note: podczas kompilowania funkcji członkowskiej „<Nieznany>” klasy klasa <Nieznany>
  c:\local\boost_1_64_0\boost\signals2\detail\auto_buffer.hpp(302): note: zobacz odwołanie do funkcji szablon; wystąpienie „boost::shared_ptr<void> *boost::signals2::detail::auto_buffer<boost::shared_ptr<void>,boost::signals2::detail::store_n_objects<10>,boost::signals2::detail::default_grow_policy,std::allocator<T>>::move_to_new_buffer(unsigned __int64,const boost::true_type &)” jest kompilowane
          with
          [
              T=boost::shared_ptr<void>
          ]
  c:\local\boost_1_64_0\boost\signals2\connection.hpp(53): note: zobacz odwołanie do klasy klasa szablon; wystąpienie „boost::signals2::detail::auto_buffer<boost::shared_ptr<void>,boost::signals2::detail::store_n_objects<10>,boost::signals2::detail::default_grow_policy,std::allocator<T>>” jest kompilowane
          with
          [
              T=boost::shared_ptr<void>
          ]
  c:\local\boost_1_64_0\boost\signals2\connection.hpp(55): note: zobacz odwołanie do klasy klasa szablon; wystąpienie „boost::signals2::detail::garbage_collecting_lock<Mutex>” jest kompilowane
  c:\local\boost_1_64_0\boost\bind\placeholders.hpp(54): note: zobacz odwołanie do klasy klasa szablon; wystąpienie „boost::arg<9>” jest kompilowane
  c:\local\boost_1_64_0\boost\bind\placeholders.hpp(53): note: zobacz odwołanie do klasy klasa szablon; wystąpienie „boost::arg<8>” jest kompilowane
  c:\local\boost_1_64_0\boost\bind\placeholders.hpp(52): note: zobacz odwołanie do klasy klasa szablon; wystąpienie „boost::arg<7>” jest kompilowane
  c:\local\boost_1_64_0\boost\bind\placeholders.hpp(51): note: zobacz odwołanie do klasy klasa szablon; wystąpienie „boost::arg<6>” jest kompilowane
  c:\local\boost_1_64_0\boost\bind\placeholders.hpp(50): note: zobacz odwołanie do klasy klasa szablon; wystąpienie „boost::arg<5>” jest kompilowane
  c:\local\boost_1_64_0\boost\bind\placeholders.hpp(49): note: zobacz odwołanie do klasy klasa szablon; wystąpienie „boost::arg<4>” jest kompilowane
  c:\local\boost_1_64_0\boost\bind\placeholders.hpp(48): note: zobacz odwołanie do klasy klasa szablon; wystąpienie „boost::arg<3>” jest kompilowane
  c:\local\boost_1_64_0\boost\bind\placeholders.hpp(47): note: zobacz odwołanie do klasy klasa szablon; wystąpienie „boost::arg<2>” jest kompilowane
  c:\local\boost_1_64_0\boost\bind\placeholders.hpp(46): note: zobacz odwołanie do klasy klasa szablon; wystąpienie „boost::arg<1>” jest kompilowane
  Mouse.cpp
c:\program files (x86)\microsoft visual studio\2017\community\vc\tools\msvc\14.10.25017\include\memory(53): warning C4996: 'std::uninitialized_copy::_Unchecked_iterators::_Deprecate': Call to 'std::uninitialized_copy' with parameters that may be unsafe - this call relies on the caller to check that the passed values are correct. To disable this warning, use -D_SCL_SECURE_NO_WARNINGS. See documentation on how to use Visual C++ 'Checked Iterators'
  c:\program files (x86)\microsoft visual studio\2017\community\vc\tools\msvc\14.10.25017\include\memory(53): note: zobacz deklarację „std::uninitialized_copy::_Unchecked_iterators::_Deprecate”
  c:\local\boost_1_64_0\boost\signals2\detail\auto_buffer.hpp(191): note: zobacz odwołanie do funkcji szablon; wystąpienie „_FwdIt *std::uninitialized_copy<I,boost::variant<boost::shared_ptr<void>,boost::signals2::detail::foreign_void_shared_ptr>*>(_InIt,_InIt,_FwdIt)” jest kompilowane
          with
          [
              _FwdIt=boost::variant<boost::shared_ptr<void>,boost::signals2::detail::foreign_void_shared_ptr> *,
              I=boost::variant<boost::shared_ptr<void>,boost::signals2::detail::foreign_void_shared_ptr> *,
              _InIt=boost::variant<boost::shared_ptr<void>,boost::signals2::detail::foreign_void_shared_ptr> *
          ]
  c:\local\boost_1_64_0\boost\signals2\detail\auto_buffer.hpp(178): note: zobacz odwołanie do funkcji szablon; wystąpienie „void boost::signals2::detail::auto_buffer<boost::signals2::detail::void_shared_ptr_variant,boost::signals2::detail::store_n_objects<10>,boost::signals2::detail::default_grow_policy,std::allocator<_Ty>>::copy_rai<I,false>(I,I,boost::variant<boost::shared_ptr<void>,boost::signals2::detail::foreign_void_shared_ptr> *,const boost::integral_constant<bool,false> &)” jest kompilowane
          with
          [
              _Ty=boost::signals2::detail::void_shared_ptr_variant,
              I=boost::variant<boost::shared_ptr<void>,boost::signals2::detail::foreign_void_shared_ptr> *
          ]
  c:\local\boost_1_64_0\boost\signals2\detail\auto_buffer.hpp(178): note: zobacz odwołanie do funkcji szablon; wystąpienie „void boost::signals2::detail::auto_buffer<boost::signals2::detail::void_shared_ptr_variant,boost::signals2::detail::store_n_objects<10>,boost::signals2::detail::default_grow_policy,std::allocator<_Ty>>::copy_rai<I,false>(I,I,boost::variant<boost::shared_ptr<void>,boost::signals2::detail::foreign_void_shared_ptr> *,const boost::integral_constant<bool,false> &)” jest kompilowane
          with
          [
              _Ty=boost::signals2::detail::void_shared_ptr_variant,
              I=boost::variant<boost::shared_ptr<void>,boost::signals2::detail::foreign_void_shared_ptr> *
          ]
  c:\local\boost_1_64_0\boost\signals2\detail\auto_buffer.hpp(204): note: zobacz odwołanie do funkcji szablon; wystąpienie „void boost::signals2::detail::auto_buffer<boost::signals2::detail::void_shared_ptr_variant,boost::signals2::detail::store_n_objects<10>,boost::signals2::detail::default_grow_policy,std::allocator<_Ty>>::copy_impl<I>(I,I,boost::variant<boost::shared_ptr<void>,boost::signals2::detail::foreign_void_shared_ptr> *,std::random_access_iterator_tag)” jest kompilowane
          with
          [
              _Ty=boost::signals2::detail::void_shared_ptr_variant,
              I=boost::variant<boost::shared_ptr<void>,boost::signals2::detail::foreign_void_shared_ptr> *
          ]
  c:\local\boost_1_64_0\boost\signals2\detail\auto_buffer.hpp(203): note: zobacz odwołanie do funkcji szablon; wystąpienie „void boost::signals2::detail::auto_buffer<boost::signals2::detail::void_shared_ptr_variant,boost::signals2::detail::store_n_objects<10>,boost::signals2::detail::default_grow_policy,std::allocator<_Ty>>::copy_impl<I>(I,I,boost::variant<boost::shared_ptr<void>,boost::signals2::detail::foreign_void_shared_ptr> *,std::random_access_iterator_tag)” jest kompilowane
          with
          [
              _Ty=boost::signals2::detail::void_shared_ptr_variant,
              I=boost::variant<boost::shared_ptr<void>,boost::signals2::detail::foreign_void_shared_ptr> *
          ]
  c:\local\boost_1_64_0\boost\signals2\detail\auto_buffer.hpp(288): note: zobacz odwołanie do funkcji szablon; wystąpienie „void boost::signals2::detail::auto_buffer<boost::signals2::detail::void_shared_ptr_variant,boost::signals2::detail::store_n_objects<10>,boost::signals2::detail::default_grow_policy,std::allocator<_Ty>>::copy_impl<boost::variant<boost::shared_ptr<void>,boost::signals2::detail::foreign_void_shared_ptr>*>(I,I,boost::variant<boost::shared_ptr<void>,boost::signals2::detail::foreign_void_shared_ptr> *)” jest kompilowane
          with
          [
              _Ty=boost::signals2::detail::void_shared_ptr_variant,
              I=boost::variant<boost::shared_ptr<void>,boost::signals2::detail::foreign_void_shared_ptr> *
          ]
  c:\local\boost_1_64_0\boost\signals2\detail\auto_buffer.hpp(288): note: zobacz odwołanie do funkcji szablon; wystąpienie „void boost::signals2::detail::auto_buffer<boost::signals2::detail::void_shared_ptr_variant,boost::signals2::detail::store_n_objects<10>,boost::signals2::detail::default_grow_policy,std::allocator<_Ty>>::copy_impl<boost::variant<boost::shared_ptr<void>,boost::signals2::detail::foreign_void_shared_ptr>*>(I,I,boost::variant<boost::shared_ptr<void>,boost::signals2::detail::foreign_void_shared_ptr> *)” jest kompilowane
          with
          [
              _Ty=boost::signals2::detail::void_shared_ptr_variant,
              I=boost::variant<boost::shared_ptr<void>,boost::signals2::detail::foreign_void_shared_ptr> *
          ]
  c:\local\boost_1_64_0\boost\signals2\detail\auto_buffer.hpp(281): note: podczas kompilowania funkcji członkowskiej „<Nieznany>” klasy klasa <Nieznany>
  c:\local\boost_1_64_0\boost\signals2\detail\auto_buffer.hpp(302): note: zobacz odwołanie do funkcji szablon; wystąpienie „boost::variant<boost::shared_ptr<void>,boost::signals2::detail::foreign_void_shared_ptr> *boost::signals2::detail::auto_buffer<boost::signals2::detail::void_shared_ptr_variant,boost::signals2::detail::store_n_objects<10>,boost::signals2::detail::default_grow_policy,std::allocator<_Ty>>::move_to_new_buffer(unsigned __int64,const boost::false_type &)” jest kompilowane
          with
          [
              _Ty=boost::signals2::detail::void_shared_ptr_variant
          ]
  c:\local\boost_1_64_0\boost\signals2\detail\slot_call_iterator.hpp(65): note: zobacz odwołanie do klasy klasa szablon; wystąpienie „boost::signals2::detail::auto_buffer<boost::signals2::detail::void_shared_ptr_variant,boost::signals2::detail::store_n_objects<10>,boost::signals2::detail::default_grow_policy,std::allocator<_Ty>>” jest kompilowane
          with
          [
              _Ty=boost::signals2::detail::void_shared_ptr_variant
          ]
  c:\local\boost_1_64_0\boost\signals2\detail\slot_call_iterator.hpp(70): note: zobacz odwołanie do klasy klasa szablon; wystąpienie „boost::signals2::detail::slot_call_iterator_cache<ResultType,Function>” jest kompilowane
  c:\local\boost_1_64_0\boost\bind\placeholders.hpp(54): note: zobacz odwołanie do klasy klasa szablon; wystąpienie „boost::arg<9>” jest kompilowane
  c:\local\boost_1_64_0\boost\bind\placeholders.hpp(53): note: zobacz odwołanie do klasy klasa szablon; wystąpienie „boost::arg<8>” jest kompilowane
  c:\local\boost_1_64_0\boost\bind\placeholders.hpp(52): note: zobacz odwołanie do klasy klasa szablon; wystąpienie „boost::arg<7>” jest kompilowane
  c:\local\boost_1_64_0\boost\bind\placeholders.hpp(51): note: zobacz odwołanie do klasy klasa szablon; wystąpienie „boost::arg<6>” jest kompilowane
  c:\local\boost_1_64_0\boost\bind\placeholders.hpp(50): note: zobacz odwołanie do klasy klasa szablon; wystąpienie „boost::arg<5>” jest kompilowane
  c:\local\boost_1_64_0\boost\bind\placeholders.hpp(49): note: zobacz odwołanie do klasy klasa szablon; wystąpienie „boost::arg<4>” jest kompilowane
  c:\local\boost_1_64_0\boost\bind\placeholders.hpp(48): note: zobacz odwołanie do klasy klasa szablon; wystąpienie „boost::arg<3>” jest kompilowane
  c:\local\boost_1_64_0\boost\bind\placeholders.hpp(47): note: zobacz odwołanie do klasy klasa szablon; wystąpienie „boost::arg<2>” jest kompilowane
  c:\local\boost_1_64_0\boost\bind\placeholders.hpp(46): note: zobacz odwołanie do klasy klasa szablon; wystąpienie „boost::arg<1>” jest kompilowane
  CMDArgsParser.cpp
c:\program files (x86)\microsoft visual studio\2017\community\vc\tools\msvc\14.10.25017\include\memory(53): warning C4996: 'std::uninitialized_copy::_Unchecked_iterators::_Deprecate': Call to 'std::uninitialized_copy' with parameters that may be unsafe - this call relies on the caller to check that the passed values are correct. To disable this warning, use -D_SCL_SECURE_NO_WARNINGS. See documentation on how to use Visual C++ 'Checked Iterators'
  c:\program files (x86)\microsoft visual studio\2017\community\vc\tools\msvc\14.10.25017\include\memory(53): note: zobacz deklarację „std::uninitialized_copy::_Unchecked_iterators::_Deprecate”
  c:\local\boost_1_64_0\boost\signals2\detail\auto_buffer.hpp(191): note: zobacz odwołanie do funkcji szablon; wystąpienie „_FwdIt *std::uninitialized_copy<I,boost::shared_ptr<void>*>(_InIt,_InIt,_FwdIt)” jest kompilowane
          with
          [
              _FwdIt=boost::shared_ptr<void> *,
              I=boost::shared_ptr<void> *,
              _InIt=boost::shared_ptr<void> *
          ]
  c:\local\boost_1_64_0\boost\signals2\detail\auto_buffer.hpp(178): note: zobacz odwołanie do funkcji szablon; wystąpienie „void boost::signals2::detail::auto_buffer<boost::shared_ptr<void>,boost::signals2::detail::store_n_objects<10>,boost::signals2::detail::default_grow_policy,std::allocator<T>>::copy_rai<I,false>(I,I,boost::shared_ptr<void> *,const boost::integral_constant<bool,false> &)” jest kompilowane
          with
          [
              T=boost::shared_ptr<void>,
              I=boost::shared_ptr<void> *
          ]
  c:\local\boost_1_64_0\boost\signals2\detail\auto_buffer.hpp(178): note: zobacz odwołanie do funkcji szablon; wystąpienie „void boost::signals2::detail::auto_buffer<boost::shared_ptr<void>,boost::signals2::detail::store_n_objects<10>,boost::signals2::detail::default_grow_policy,std::allocator<T>>::copy_rai<I,false>(I,I,boost::shared_ptr<void> *,const boost::integral_constant<bool,false> &)” jest kompilowane
          with
          [
              T=boost::shared_ptr<void>,
              I=boost::shared_ptr<void> *
          ]
  c:\local\boost_1_64_0\boost\signals2\detail\auto_buffer.hpp(204): note: zobacz odwołanie do funkcji szablon; wystąpienie „void boost::signals2::detail::auto_buffer<boost::shared_ptr<void>,boost::signals2::detail::store_n_objects<10>,boost::signals2::detail::default_grow_policy,std::allocator<T>>::copy_impl<I>(I,I,boost::shared_ptr<void> *,std::random_access_iterator_tag)” jest kompilowane
          with
          [
              T=boost::shared_ptr<void>,
              I=boost::shared_ptr<void> *
          ]
  c:\local\boost_1_64_0\boost\signals2\detail\auto_buffer.hpp(203): note: zobacz odwołanie do funkcji szablon; wystąpienie „void boost::signals2::detail::auto_buffer<boost::shared_ptr<void>,boost::signals2::detail::store_n_objects<10>,boost::signals2::detail::default_grow_policy,std::allocator<T>>::copy_impl<I>(I,I,boost::shared_ptr<void> *,std::random_access_iterator_tag)” jest kompilowane
          with
          [
              T=boost::shared_ptr<void>,
              I=boost::shared_ptr<void> *
          ]
  c:\local\boost_1_64_0\boost\signals2\detail\auto_buffer.hpp(296): note: zobacz odwołanie do funkcji szablon; wystąpienie „void boost::signals2::detail::auto_buffer<boost::shared_ptr<void>,boost::signals2::detail::store_n_objects<10>,boost::signals2::detail::default_grow_policy,std::allocator<T>>::copy_impl<boost::shared_ptr<void>*>(I,I,boost::shared_ptr<void> *)” jest kompilowane
          with
          [
              T=boost::shared_ptr<void>,
              I=boost::shared_ptr<void> *
          ]
  c:\local\boost_1_64_0\boost\signals2\detail\auto_buffer.hpp(296): note: zobacz odwołanie do funkcji szablon; wystąpienie „void boost::signals2::detail::auto_buffer<boost::shared_ptr<void>,boost::signals2::detail::store_n_objects<10>,boost::signals2::detail::default_grow_policy,std::allocator<T>>::copy_impl<boost::shared_ptr<void>*>(I,I,boost::shared_ptr<void> *)” jest kompilowane
          with
          [
              T=boost::shared_ptr<void>,
              I=boost::shared_ptr<void> *
          ]
  c:\local\boost_1_64_0\boost\signals2\detail\auto_buffer.hpp(294): note: podczas kompilowania funkcji członkowskiej „<Nieznany>” klasy klasa <Nieznany>
  c:\local\boost_1_64_0\boost\signals2\detail\auto_buffer.hpp(302): note: zobacz odwołanie do funkcji szablon; wystąpienie „boost::shared_ptr<void> *boost::signals2::detail::auto_buffer<boost::shared_ptr<void>,boost::signals2::detail::store_n_objects<10>,boost::signals2::detail::default_grow_policy,std::allocator<T>>::move_to_new_buffer(unsigned __int64,const boost::true_type &)” jest kompilowane
          with
          [
              T=boost::shared_ptr<void>
          ]
  c:\local\boost_1_64_0\boost\signals2\connection.hpp(53): note: zobacz odwołanie do klasy klasa szablon; wystąpienie „boost::signals2::detail::auto_buffer<boost::shared_ptr<void>,boost::signals2::detail::store_n_objects<10>,boost::signals2::detail::default_grow_policy,std::allocator<T>>” jest kompilowane
          with
          [
              T=boost::shared_ptr<void>
          ]
  c:\local\boost_1_64_0\boost\signals2\connection.hpp(55): note: zobacz odwołanie do klasy klasa szablon; wystąpienie „boost::signals2::detail::garbage_collecting_lock<Mutex>” jest kompilowane
  c:\local\boost_1_64_0\boost\bind\placeholders.hpp(54): note: zobacz odwołanie do klasy klasa szablon; wystąpienie „boost::arg<9>” jest kompilowane
  c:\local\boost_1_64_0\boost\bind\placeholders.hpp(53): note: zobacz odwołanie do klasy klasa szablon; wystąpienie „boost::arg<8>” jest kompilowane
  c:\local\boost_1_64_0\boost\bind\placeholders.hpp(52): note: zobacz odwołanie do klasy klasa szablon; wystąpienie „boost::arg<7>” jest kompilowane
  c:\local\boost_1_64_0\boost\bind\placeholders.hpp(51): note: zobacz odwołanie do klasy klasa szablon; wystąpienie „boost::arg<6>” jest kompilowane
  c:\local\boost_1_64_0\boost\bind\placeholders.hpp(50): note: zobacz odwołanie do klasy klasa szablon; wystąpienie „boost::arg<5>” jest kompilowane
  c:\local\boost_1_64_0\boost\bind\placeholders.hpp(49): note: zobacz odwołanie do klasy klasa szablon; wystąpienie „boost::arg<4>” jest kompilowane
  c:\local\boost_1_64_0\boost\bind\placeholders.hpp(48): note: zobacz odwołanie do klasy klasa szablon; wystąpienie „boost::arg<3>” jest kompilowane
  c:\local\boost_1_64_0\boost\bind\placeholders.hpp(47): note: zobacz odwołanie do klasy klasa szablon; wystąpienie „boost::arg<2>” jest kompilowane
  c:\local\boost_1_64_0\boost\bind\placeholders.hpp(46): note: zobacz odwołanie do klasy klasa szablon; wystąpienie „boost::arg<1>” jest kompilowane
  KeyboardTranslator.cpp
  KeyboardAdapter.cpp
c:\program files (x86)\microsoft visual studio\2017\community\vc\tools\msvc\14.10.25017\include\memory(53): warning C4996: 'std::uninitialized_copy::_Unchecked_iterators::_Deprecate': Call to 'std::uninitialized_copy' with parameters that may be unsafe - this call relies on the caller to check that the passed values are correct. To disable this warning, use -D_SCL_SECURE_NO_WARNINGS. See documentation on how to use Visual C++ 'Checked Iterators'
  c:\program files (x86)\microsoft visual studio\2017\community\vc\tools\msvc\14.10.25017\include\memory(53): note: zobacz deklarację „std::uninitialized_copy::_Unchecked_iterators::_Deprecate”
  c:\local\boost_1_64_0\boost\signals2\detail\auto_buffer.hpp(191): note: zobacz odwołanie do funkcji szablon; wystąpienie „_FwdIt *std::uninitialized_copy<I,boost::shared_ptr<void>*>(_InIt,_InIt,_FwdIt)” jest kompilowane
          with
          [
              _FwdIt=boost::shared_ptr<void> *,
              I=boost::shared_ptr<void> *,
              _InIt=boost::shared_ptr<void> *
          ]
  c:\local\boost_1_64_0\boost\signals2\detail\auto_buffer.hpp(178): note: zobacz odwołanie do funkcji szablon; wystąpienie „void boost::signals2::detail::auto_buffer<boost::shared_ptr<void>,boost::signals2::detail::store_n_objects<10>,boost::signals2::detail::default_grow_policy,std::allocator<T>>::copy_rai<I,false>(I,I,boost::shared_ptr<void> *,const boost::integral_constant<bool,false> &)” jest kompilowane
          with
          [
              T=boost::shared_ptr<void>,
              I=boost::shared_ptr<void> *
          ]
  c:\local\boost_1_64_0\boost\signals2\detail\auto_buffer.hpp(178): note: zobacz odwołanie do funkcji szablon; wystąpienie „void boost::signals2::detail::auto_buffer<boost::shared_ptr<void>,boost::signals2::detail::store_n_objects<10>,boost::signals2::detail::default_grow_policy,std::allocator<T>>::copy_rai<I,false>(I,I,boost::shared_ptr<void> *,const boost::integral_constant<bool,false> &)” jest kompilowane
          with
          [
              T=boost::shared_ptr<void>,
              I=boost::shared_ptr<void> *
          ]
  c:\local\boost_1_64_0\boost\signals2\detail\auto_buffer.hpp(204): note: zobacz odwołanie do funkcji szablon; wystąpienie „void boost::signals2::detail::auto_buffer<boost::shared_ptr<void>,boost::signals2::detail::store_n_objects<10>,boost::signals2::detail::default_grow_policy,std::allocator<T>>::copy_impl<I>(I,I,boost::shared_ptr<void> *,std::random_access_iterator_tag)” jest kompilowane
          with
          [
              T=boost::shared_ptr<void>,
              I=boost::shared_ptr<void> *
          ]
  c:\local\boost_1_64_0\boost\signals2\detail\auto_buffer.hpp(203): note: zobacz odwołanie do funkcji szablon; wystąpienie „void boost::signals2::detail::auto_buffer<boost::shared_ptr<void>,boost::signals2::detail::store_n_objects<10>,boost::signals2::detail::default_grow_policy,std::allocator<T>>::copy_impl<I>(I,I,boost::shared_ptr<void> *,std::random_access_iterator_tag)” jest kompilowane
          with
          [
              T=boost::shared_ptr<void>,
              I=boost::shared_ptr<void> *
          ]
  c:\local\boost_1_64_0\boost\signals2\detail\auto_buffer.hpp(296): note: zobacz odwołanie do funkcji szablon; wystąpienie „void boost::signals2::detail::auto_buffer<boost::shared_ptr<void>,boost::signals2::detail::store_n_objects<10>,boost::signals2::detail::default_grow_policy,std::allocator<T>>::copy_impl<boost::shared_ptr<void>*>(I,I,boost::shared_ptr<void> *)” jest kompilowane
          with
          [
              T=boost::shared_ptr<void>,
              I=boost::shared_ptr<void> *
          ]
  c:\local\boost_1_64_0\boost\signals2\detail\auto_buffer.hpp(296): note: zobacz odwołanie do funkcji szablon; wystąpienie „void boost::signals2::detail::auto_buffer<boost::shared_ptr<void>,boost::signals2::detail::store_n_objects<10>,boost::signals2::detail::default_grow_policy,std::allocator<T>>::copy_impl<boost::shared_ptr<void>*>(I,I,boost::shared_ptr<void> *)” jest kompilowane
          with
          [
              T=boost::shared_ptr<void>,
              I=boost::shared_ptr<void> *
          ]
  c:\local\boost_1_64_0\boost\signals2\detail\auto_buffer.hpp(294): note: podczas kompilowania funkcji członkowskiej „<Nieznany>” klasy klasa <Nieznany>
  c:\local\boost_1_64_0\boost\signals2\detail\auto_buffer.hpp(302): note: zobacz odwołanie do funkcji szablon; wystąpienie „boost::shared_ptr<void> *boost::signals2::detail::auto_buffer<boost::shared_ptr<void>,boost::signals2::detail::store_n_objects<10>,boost::signals2::detail::default_grow_policy,std::allocator<T>>::move_to_new_buffer(unsigned __int64,const boost::true_type &)” jest kompilowane
          with
          [
              T=boost::shared_ptr<void>
          ]
  c:\local\boost_1_64_0\boost\signals2\connection.hpp(53): note: zobacz odwołanie do klasy klasa szablon; wystąpienie „boost::signals2::detail::auto_buffer<boost::shared_ptr<void>,boost::signals2::detail::store_n_objects<10>,boost::signals2::detail::default_grow_policy,std::allocator<T>>” jest kompilowane
          with
          [
              T=boost::shared_ptr<void>
          ]
  c:\local\boost_1_64_0\boost\signals2\connection.hpp(55): note: zobacz odwołanie do klasy klasa szablon; wystąpienie „boost::signals2::detail::garbage_collecting_lock<Mutex>” jest kompilowane
  c:\local\boost_1_64_0\boost\bind\placeholders.hpp(54): note: zobacz odwołanie do klasy klasa szablon; wystąpienie „boost::arg<9>” jest kompilowane
  c:\local\boost_1_64_0\boost\bind\placeholders.hpp(53): note: zobacz odwołanie do klasy klasa szablon; wystąpienie „boost::arg<8>” jest kompilowane
  c:\local\boost_1_64_0\boost\bind\placeholders.hpp(52): note: zobacz odwołanie do klasy klasa szablon; wystąpienie „boost::arg<7>” jest kompilowane
  c:\local\boost_1_64_0\boost\bind\placeholders.hpp(51): note: zobacz odwołanie do klasy klasa szablon; wystąpienie „boost::arg<6>” jest kompilowane
  c:\local\boost_1_64_0\boost\bind\placeholders.hpp(50): note: zobacz odwołanie do klasy klasa szablon; wystąpienie „boost::arg<5>” jest kompilowane
  c:\local\boost_1_64_0\boost\bind\placeholders.hpp(49): note: zobacz odwołanie do klasy klasa szablon; wystąpienie „boost::arg<4>” jest kompilowane
  c:\local\boost_1_64_0\boost\bind\placeholders.hpp(48): note: zobacz odwołanie do klasy klasa szablon; wystąpienie „boost::arg<3>” jest kompilowane
  c:\local\boost_1_64_0\boost\bind\placeholders.hpp(47): note: zobacz odwołanie do klasy klasa szablon; wystąpienie „boost::arg<2>” jest kompilowane
  c:\local\boost_1_64_0\boost\bind\placeholders.hpp(46): note: zobacz odwołanie do klasy klasa szablon; wystąpienie „boost::arg<1>” jest kompilowane
  FreeRunningMode.cpp
c:\program files (x86)\microsoft visual studio\2017\community\vc\tools\msvc\14.10.25017\include\memory(53): warning C4996: 'std::uninitialized_copy::_Unchecked_iterators::_Deprecate': Call to 'std::uninitialized_copy' with parameters that may be unsafe - this call relies on the caller to check that the passed values are correct. To disable this warning, use -D_SCL_SECURE_NO_WARNINGS. See documentation on how to use Visual C++ 'Checked Iterators'
  c:\program files (x86)\microsoft visual studio\2017\community\vc\tools\msvc\14.10.25017\include\memory(53): note: zobacz deklarację „std::uninitialized_copy::_Unchecked_iterators::_Deprecate”
  c:\local\boost_1_64_0\boost\signals2\detail\auto_buffer.hpp(191): note: zobacz odwołanie do funkcji szablon; wystąpienie „_FwdIt *std::uninitialized_copy<I,boost::shared_ptr<void>*>(_InIt,_InIt,_FwdIt)” jest kompilowane
          with
          [
              _FwdIt=boost::shared_ptr<void> *,
              I=boost::shared_ptr<void> *,
              _InIt=boost::shared_ptr<void> *
          ]
  c:\local\boost_1_64_0\boost\signals2\detail\auto_buffer.hpp(178): note: zobacz odwołanie do funkcji szablon; wystąpienie „void boost::signals2::detail::auto_buffer<boost::shared_ptr<void>,boost::signals2::detail::store_n_objects<10>,boost::signals2::detail::default_grow_policy,std::allocator<T>>::copy_rai<I,false>(I,I,boost::shared_ptr<void> *,const boost::integral_constant<bool,false> &)” jest kompilowane
          with
          [
              T=boost::shared_ptr<void>,
              I=boost::shared_ptr<void> *
          ]
  c:\local\boost_1_64_0\boost\signals2\detail\auto_buffer.hpp(178): note: zobacz odwołanie do funkcji szablon; wystąpienie „void boost::signals2::detail::auto_buffer<boost::shared_ptr<void>,boost::signals2::detail::store_n_objects<10>,boost::signals2::detail::default_grow_policy,std::allocator<T>>::copy_rai<I,false>(I,I,boost::shared_ptr<void> *,const boost::integral_constant<bool,false> &)” jest kompilowane
          with
          [
              T=boost::shared_ptr<void>,
              I=boost::shared_ptr<void> *
          ]
  c:\local\boost_1_64_0\boost\signals2\detail\auto_buffer.hpp(204): note: zobacz odwołanie do funkcji szablon; wystąpienie „void boost::signals2::detail::auto_buffer<boost::shared_ptr<void>,boost::signals2::detail::store_n_objects<10>,boost::signals2::detail::default_grow_policy,std::allocator<T>>::copy_impl<I>(I,I,boost::shared_ptr<void> *,std::random_access_iterator_tag)” jest kompilowane
          with
          [
              T=boost::shared_ptr<void>,
              I=boost::shared_ptr<void> *
          ]
  c:\local\boost_1_64_0\boost\signals2\detail\auto_buffer.hpp(203): note: zobacz odwołanie do funkcji szablon; wystąpienie „void boost::signals2::detail::auto_buffer<boost::shared_ptr<void>,boost::signals2::detail::store_n_objects<10>,boost::signals2::detail::default_grow_policy,std::allocator<T>>::copy_impl<I>(I,I,boost::shared_ptr<void> *,std::random_access_iterator_tag)” jest kompilowane
          with
          [
              T=boost::shared_ptr<void>,
              I=boost::shared_ptr<void> *
          ]
  c:\local\boost_1_64_0\boost\signals2\detail\auto_buffer.hpp(296): note: zobacz odwołanie do funkcji szablon; wystąpienie „void boost::signals2::detail::auto_buffer<boost::shared_ptr<void>,boost::signals2::detail::store_n_objects<10>,boost::signals2::detail::default_grow_policy,std::allocator<T>>::copy_impl<boost::shared_ptr<void>*>(I,I,boost::shared_ptr<void> *)” jest kompilowane
          with
          [
              T=boost::shared_ptr<void>,
              I=boost::shared_ptr<void> *
          ]
  c:\local\boost_1_64_0\boost\signals2\detail\auto_buffer.hpp(296): note: zobacz odwołanie do funkcji szablon; wystąpienie „void boost::signals2::detail::auto_buffer<boost::shared_ptr<void>,boost::signals2::detail::store_n_objects<10>,boost::signals2::detail::default_grow_policy,std::allocator<T>>::copy_impl<boost::shared_ptr<void>*>(I,I,boost::shared_ptr<void> *)” jest kompilowane
          with
          [
              T=boost::shared_ptr<void>,
              I=boost::shared_ptr<void> *
          ]
  c:\local\boost_1_64_0\boost\signals2\detail\auto_buffer.hpp(294): note: podczas kompilowania funkcji członkowskiej „<Nieznany>” klasy klasa <Nieznany>
  c:\local\boost_1_64_0\boost\signals2\detail\auto_buffer.hpp(302): note: zobacz odwołanie do funkcji szablon; wystąpienie „boost::shared_ptr<void> *boost::signals2::detail::auto_buffer<boost::shared_ptr<void>,boost::signals2::detail::store_n_objects<10>,boost::signals2::detail::default_grow_policy,std::allocator<T>>::move_to_new_buffer(unsigned __int64,const boost::true_type &)” jest kompilowane
          with
          [
              T=boost::shared_ptr<void>
          ]
  c:\local\boost_1_64_0\boost\signals2\connection.hpp(53): note: zobacz odwołanie do klasy klasa szablon; wystąpienie „boost::signals2::detail::auto_buffer<boost::shared_ptr<void>,boost::signals2::detail::store_n_objects<10>,boost::signals2::detail::default_grow_policy,std::allocator<T>>” jest kompilowane
          with
          [
              T=boost::shared_ptr<void>
          ]
  c:\local\boost_1_64_0\boost\signals2\connection.hpp(55): note: zobacz odwołanie do klasy klasa szablon; wystąpienie „boost::signals2::detail::garbage_collecting_lock<Mutex>” jest kompilowane
  c:\local\boost_1_64_0\boost\bind\placeholders.hpp(54): note: zobacz odwołanie do klasy klasa szablon; wystąpienie „boost::arg<9>” jest kompilowane
  c:\local\boost_1_64_0\boost\bind\placeholders.hpp(53): note: zobacz odwołanie do klasy klasa szablon; wystąpienie „boost::arg<8>” jest kompilowane
  c:\local\boost_1_64_0\boost\bind\placeholders.hpp(52): note: zobacz odwołanie do klasy klasa szablon; wystąpienie „boost::arg<7>” jest kompilowane
  c:\local\boost_1_64_0\boost\bind\placeholders.hpp(51): note: zobacz odwołanie do klasy klasa szablon; wystąpienie „boost::arg<6>” jest kompilowane
  c:\local\boost_1_64_0\boost\bind\placeholders.hpp(50): note: zobacz odwołanie do klasy klasa szablon; wystąpienie „boost::arg<5>” jest kompilowane
  c:\local\boost_1_64_0\boost\bind\placeholders.hpp(49): note: zobacz odwołanie do klasy klasa szablon; wystąpienie „boost::arg<4>” jest kompilowane
  c:\local\boost_1_64_0\boost\bind\placeholders.hpp(48): note: zobacz odwołanie do klasy klasa szablon; wystąpienie „boost::arg<3>” jest kompilowane
  c:\local\boost_1_64_0\boost\bind\placeholders.hpp(47): note: zobacz odwołanie do klasy klasa szablon; wystąpienie „boost::arg<2>” jest kompilowane
  c:\local\boost_1_64_0\boost\bind\placeholders.hpp(46): note: zobacz odwołanie do klasy klasa szablon; wystąpienie „boost::arg<1>” jest kompilowane
  ChangeIPMode.cpp
c:\program files (x86)\microsoft visual studio\2017\community\vc\tools\msvc\14.10.25017\include\xutility(2350): warning C4996: 'std::copy::_Unchecked_iterators::_Deprecate': Call to 'std::copy' with parameters that may be unsafe - this call relies on the caller to check that the passed values are correct. To disable this warning, use -D_SCL_SECURE_NO_WARNINGS. See documentation on how to use Visual C++ 'Checked Iterators'
  c:\program files (x86)\microsoft visual studio\2017\community\vc\tools\msvc\14.10.25017\include\xutility(2350): note: zobacz deklarację „std::copy::_Unchecked_iterators::_Deprecate”
  c:\local\boost_1_64_0\boost\algorithm\string\detail\classification.hpp(102): note: zobacz odwołanie do funkcji szablon; wystąpienie „_OutIt *std::copy<const char*,char*>(_InIt,_InIt,_OutIt)” jest kompilowane
          with
          [
              _OutIt=char *,
              _InIt=const char *
          ]
  c:\local\boost_1_64_0\boost\algorithm\string\classification.hpp(206): note: zobacz odwołanie do funkcji szablon; wystąpienie „boost::algorithm::detail::is_any_ofF<char>::is_any_ofF<boost::iterator_range<const char *>>(const RangeT &)” jest kompilowane
          with
          [
              RangeT=boost::iterator_range<const char *>
          ]
  c:\local\boost_1_64_0\boost\algorithm\string\classification.hpp(206): note: zobacz odwołanie do funkcji szablon; wystąpienie „boost::algorithm::detail::is_any_ofF<char>::is_any_ofF<boost::iterator_range<const char *>>(const RangeT &)” jest kompilowane
          with
          [
              RangeT=boost::iterator_range<const char *>
          ]
  c:\users\pr6\documents\visual studio 2017\projects\vk\virtualkeyboard\changeipmode.cpp(19): note: zobacz odwołanie do funkcji szablon; wystąpienie „boost::algorithm::detail::is_any_ofF<char> boost::algorithm::is_any_of<char[2]>(const RangeT (&))” jest kompilowane
          with
          [
              RangeT=char [2]
          ]
  c:\local\boost_1_64_0\boost\bind\placeholders.hpp(54): note: zobacz odwołanie do klasy klasa szablon; wystąpienie „boost::arg<9>” jest kompilowane
  c:\local\boost_1_64_0\boost\bind\placeholders.hpp(53): note: zobacz odwołanie do klasy klasa szablon; wystąpienie „boost::arg<8>” jest kompilowane
  c:\local\boost_1_64_0\boost\bind\placeholders.hpp(52): note: zobacz odwołanie do klasy klasa szablon; wystąpienie „boost::arg<7>” jest kompilowane
  c:\local\boost_1_64_0\boost\bind\placeholders.hpp(51): note: zobacz odwołanie do klasy klasa szablon; wystąpienie „boost::arg<6>” jest kompilowane
  c:\local\boost_1_64_0\boost\bind\placeholders.hpp(50): note: zobacz odwołanie do klasy klasa szablon; wystąpienie „boost::arg<5>” jest kompilowane
  c:\local\boost_1_64_0\boost\bind\placeholders.hpp(49): note: zobacz odwołanie do klasy klasa szablon; wystąpienie „boost::arg<4>” jest kompilowane
  c:\local\boost_1_64_0\boost\bind\placeholders.hpp(48): note: zobacz odwołanie do klasy klasa szablon; wystąpienie „boost::arg<3>” jest kompilowane
  c:\local\boost_1_64_0\boost\bind\placeholders.hpp(47): note: zobacz odwołanie do klasy klasa szablon; wystąpienie „boost::arg<2>” jest kompilowane
  c:\local\boost_1_64_0\boost\bind\placeholders.hpp(46): note: zobacz odwołanie do klasy klasa szablon; wystąpienie „boost::arg<1>” jest kompilowane
  Generowanie kodu...
  Trwa kompilowanie...
  ShortParser.cpp
c:\program files (x86)\microsoft visual studio\2017\community\vc\tools\msvc\14.10.25017\include\xutility(2350): warning C4996: 'std::copy::_Unchecked_iterators::_Deprecate': Call to 'std::copy' with parameters that may be unsafe - this call relies on the caller to check that the passed values are correct. To disable this warning, use -D_SCL_SECURE_NO_WARNINGS. See documentation on how to use Visual C++ 'Checked Iterators'
  c:\program files (x86)\microsoft visual studio\2017\community\vc\tools\msvc\14.10.25017\include\xutility(2350): note: zobacz deklarację „std::copy::_Unchecked_iterators::_Deprecate”
  c:\local\boost_1_64_0\boost\algorithm\string\detail\classification.hpp(102): note: zobacz odwołanie do funkcji szablon; wystąpienie „_OutIt *std::copy<const char*,char*>(_InIt,_InIt,_OutIt)” jest kompilowane
          with
          [
              _OutIt=char *,
              _InIt=const char *
          ]
  c:\local\boost_1_64_0\boost\algorithm\string\classification.hpp(206): note: zobacz odwołanie do funkcji szablon; wystąpienie „boost::algorithm::detail::is_any_ofF<char>::is_any_ofF<boost::iterator_range<const char *>>(const RangeT &)” jest kompilowane
          with
          [
              RangeT=boost::iterator_range<const char *>
          ]
  c:\local\boost_1_64_0\boost\algorithm\string\classification.hpp(206): note: zobacz odwołanie do funkcji szablon; wystąpienie „boost::algorithm::detail::is_any_ofF<char>::is_any_ofF<boost::iterator_range<const char *>>(const RangeT &)” jest kompilowane
          with
          [
              RangeT=boost::iterator_range<const char *>
          ]
  c:\users\pr6\documents\visual studio 2017\projects\vk\virtualkeyboard\shortparser.cpp(28): note: zobacz odwołanie do funkcji szablon; wystąpienie „boost::algorithm::detail::is_any_ofF<char> boost::algorithm::is_any_of<char[5]>(const RangeT (&))” jest kompilowane
          with
          [
              RangeT=char [5]
          ]
  c:\local\boost_1_64_0\boost\bind\placeholders.hpp(54): note: zobacz odwołanie do klasy klasa szablon; wystąpienie „boost::arg<9>” jest kompilowane
  c:\local\boost_1_64_0\boost\bind\placeholders.hpp(53): note: zobacz odwołanie do klasy klasa szablon; wystąpienie „boost::arg<8>” jest kompilowane
  c:\local\boost_1_64_0\boost\bind\placeholders.hpp(52): note: zobacz odwołanie do klasy klasa szablon; wystąpienie „boost::arg<7>” jest kompilowane
  c:\local\boost_1_64_0\boost\bind\placeholders.hpp(51): note: zobacz odwołanie do klasy klasa szablon; wystąpienie „boost::arg<6>” jest kompilowane
  c:\local\boost_1_64_0\boost\bind\placeholders.hpp(50): note: zobacz odwołanie do klasy klasa szablon; wystąpienie „boost::arg<5>” jest kompilowane
  c:\local\boost_1_64_0\boost\bind\placeholders.hpp(49): note: zobacz odwołanie do klasy klasa szablon; wystąpienie „boost::arg<4>” jest kompilowane
  c:\local\boost_1_64_0\boost\bind\placeholders.hpp(48): note: zobacz odwołanie do klasy klasa szablon; wystąpienie „boost::arg<3>” jest kompilowane
  c:\local\boost_1_64_0\boost\bind\placeholders.hpp(47): note: zobacz odwołanie do klasy klasa szablon; wystąpienie „boost::arg<2>” jest kompilowane
  c:\local\boost_1_64_0\boost\bind\placeholders.hpp(46): note: zobacz odwołanie do klasy klasa szablon; wystąpienie „boost::arg<1>” jest kompilowane
c:\program files (x86)\microsoft visual studio\2017\community\vc\tools\msvc\14.10.25017\include\memory(53): warning C4996: 'std::uninitialized_copy::_Unchecked_iterators::_Deprecate': Call to 'std::uninitialized_copy' with parameters that may be unsafe - this call relies on the caller to check that the passed values are correct. To disable this warning, use -D_SCL_SECURE_NO_WARNINGS. See documentation on how to use Visual C++ 'Checked Iterators'
  c:\program files (x86)\microsoft visual studio\2017\community\vc\tools\msvc\14.10.25017\include\memory(53): note: zobacz deklarację „std::uninitialized_copy::_Unchecked_iterators::_Deprecate”
  c:\local\boost_1_64_0\boost\signals2\detail\auto_buffer.hpp(191): note: zobacz odwołanie do funkcji szablon; wystąpienie „_FwdIt *std::uninitialized_copy<I,boost::shared_ptr<void>*>(_InIt,_InIt,_FwdIt)” jest kompilowane
          with
          [
              _FwdIt=boost::shared_ptr<void> *,
              I=boost::shared_ptr<void> *,
              _InIt=boost::shared_ptr<void> *
          ]
  c:\local\boost_1_64_0\boost\signals2\detail\auto_buffer.hpp(178): note: zobacz odwołanie do funkcji szablon; wystąpienie „void boost::signals2::detail::auto_buffer<boost::shared_ptr<void>,boost::signals2::detail::store_n_objects<10>,boost::signals2::detail::default_grow_policy,std::allocator<T>>::copy_rai<I,false>(I,I,boost::shared_ptr<void> *,const boost::integral_constant<bool,false> &)” jest kompilowane
          with
          [
              T=boost::shared_ptr<void>,
              I=boost::shared_ptr<void> *
          ]
  c:\local\boost_1_64_0\boost\signals2\detail\auto_buffer.hpp(178): note: zobacz odwołanie do funkcji szablon; wystąpienie „void boost::signals2::detail::auto_buffer<boost::shared_ptr<void>,boost::signals2::detail::store_n_objects<10>,boost::signals2::detail::default_grow_policy,std::allocator<T>>::copy_rai<I,false>(I,I,boost::shared_ptr<void> *,const boost::integral_constant<bool,false> &)” jest kompilowane
          with
          [
              T=boost::shared_ptr<void>,
              I=boost::shared_ptr<void> *
          ]
  c:\local\boost_1_64_0\boost\signals2\detail\auto_buffer.hpp(204): note: zobacz odwołanie do funkcji szablon; wystąpienie „void boost::signals2::detail::auto_buffer<boost::shared_ptr<void>,boost::signals2::detail::store_n_objects<10>,boost::signals2::detail::default_grow_policy,std::allocator<T>>::copy_impl<I>(I,I,boost::shared_ptr<void> *,std::random_access_iterator_tag)” jest kompilowane
          with
          [
              T=boost::shared_ptr<void>,
              I=boost::shared_ptr<void> *
          ]
  c:\local\boost_1_64_0\boost\signals2\detail\auto_buffer.hpp(203): note: zobacz odwołanie do funkcji szablon; wystąpienie „void boost::signals2::detail::auto_buffer<boost::shared_ptr<void>,boost::signals2::detail::store_n_objects<10>,boost::signals2::detail::default_grow_policy,std::allocator<T>>::copy_impl<I>(I,I,boost::shared_ptr<void> *,std::random_access_iterator_tag)” jest kompilowane
          with
          [
              T=boost::shared_ptr<void>,
              I=boost::shared_ptr<void> *
          ]
  c:\local\boost_1_64_0\boost\signals2\detail\auto_buffer.hpp(296): note: zobacz odwołanie do funkcji szablon; wystąpienie „void boost::signals2::detail::auto_buffer<boost::shared_ptr<void>,boost::signals2::detail::store_n_objects<10>,boost::signals2::detail::default_grow_policy,std::allocator<T>>::copy_impl<boost::shared_ptr<void>*>(I,I,boost::shared_ptr<void> *)” jest kompilowane
          with
          [
              T=boost::shared_ptr<void>,
              I=boost::shared_ptr<void> *
          ]
  c:\local\boost_1_64_0\boost\signals2\detail\auto_buffer.hpp(296): note: zobacz odwołanie do funkcji szablon; wystąpienie „void boost::signals2::detail::auto_buffer<boost::shared_ptr<void>,boost::signals2::detail::store_n_objects<10>,boost::signals2::detail::default_grow_policy,std::allocator<T>>::copy_impl<boost::shared_ptr<void>*>(I,I,boost::shared_ptr<void> *)” jest kompilowane
          with
          [
              T=boost::shared_ptr<void>,
              I=boost::shared_ptr<void> *
          ]
  c:\local\boost_1_64_0\boost\signals2\detail\auto_buffer.hpp(294): note: podczas kompilowania funkcji członkowskiej „<Nieznany>” klasy klasa <Nieznany>
  c:\local\boost_1_64_0\boost\signals2\detail\auto_buffer.hpp(302): note: zobacz odwołanie do funkcji szablon; wystąpienie „boost::shared_ptr<void> *boost::signals2::detail::auto_buffer<boost::shared_ptr<void>,boost::signals2::detail::store_n_objects<10>,boost::signals2::detail::default_grow_policy,std::allocator<T>>::move_to_new_buffer(unsigned __int64,const boost::true_type &)” jest kompilowane
          with
          [
              T=boost::shared_ptr<void>
          ]
  c:\local\boost_1_64_0\boost\signals2\connection.hpp(53): note: zobacz odwołanie do klasy klasa szablon; wystąpienie „boost::signals2::detail::auto_buffer<boost::shared_ptr<void>,boost::signals2::detail::store_n_objects<10>,boost::signals2::detail::default_grow_policy,std::allocator<T>>” jest kompilowane
          with
          [
              T=boost::shared_ptr<void>
          ]
  c:\local\boost_1_64_0\boost\signals2\connection.hpp(55): note: zobacz odwołanie do klasy klasa szablon; wystąpienie „boost::signals2::detail::garbage_collecting_lock<Mutex>” jest kompilowane
  Printer.cpp
c:\program files (x86)\microsoft visual studio\2017\community\vc\tools\msvc\14.10.25017\include\memory(53): warning C4996: 'std::uninitialized_copy::_Unchecked_iterators::_Deprecate': Call to 'std::uninitialized_copy' with parameters that may be unsafe - this call relies on the caller to check that the passed values are correct. To disable this warning, use -D_SCL_SECURE_NO_WARNINGS. See documentation on how to use Visual C++ 'Checked Iterators'
  c:\program files (x86)\microsoft visual studio\2017\community\vc\tools\msvc\14.10.25017\include\memory(53): note: zobacz deklarację „std::uninitialized_copy::_Unchecked_iterators::_Deprecate”
  c:\local\boost_1_64_0\boost\signals2\detail\auto_buffer.hpp(191): note: zobacz odwołanie do funkcji szablon; wystąpienie „_FwdIt *std::uninitialized_copy<I,boost::shared_ptr<void>*>(_InIt,_InIt,_FwdIt)” jest kompilowane
          with
          [
              _FwdIt=boost::shared_ptr<void> *,
              I=boost::shared_ptr<void> *,
              _InIt=boost::shared_ptr<void> *
          ]
  c:\local\boost_1_64_0\boost\signals2\detail\auto_buffer.hpp(178): note: zobacz odwołanie do funkcji szablon; wystąpienie „void boost::signals2::detail::auto_buffer<boost::shared_ptr<void>,boost::signals2::detail::store_n_objects<10>,boost::signals2::detail::default_grow_policy,std::allocator<T>>::copy_rai<I,false>(I,I,boost::shared_ptr<void> *,const boost::integral_constant<bool,false> &)” jest kompilowane
          with
          [
              T=boost::shared_ptr<void>,
              I=boost::shared_ptr<void> *
          ]
  c:\local\boost_1_64_0\boost\signals2\detail\auto_buffer.hpp(178): note: zobacz odwołanie do funkcji szablon; wystąpienie „void boost::signals2::detail::auto_buffer<boost::shared_ptr<void>,boost::signals2::detail::store_n_objects<10>,boost::signals2::detail::default_grow_policy,std::allocator<T>>::copy_rai<I,false>(I,I,boost::shared_ptr<void> *,const boost::integral_constant<bool,false> &)” jest kompilowane
          with
          [
              T=boost::shared_ptr<void>,
              I=boost::shared_ptr<void> *
          ]
  c:\local\boost_1_64_0\boost\signals2\detail\auto_buffer.hpp(204): note: zobacz odwołanie do funkcji szablon; wystąpienie „void boost::signals2::detail::auto_buffer<boost::shared_ptr<void>,boost::signals2::detail::store_n_objects<10>,boost::signals2::detail::default_grow_policy,std::allocator<T>>::copy_impl<I>(I,I,boost::shared_ptr<void> *,std::random_access_iterator_tag)” jest kompilowane
          with
          [
              T=boost::shared_ptr<void>,
              I=boost::shared_ptr<void> *
          ]
  c:\local\boost_1_64_0\boost\signals2\detail\auto_buffer.hpp(203): note: zobacz odwołanie do funkcji szablon; wystąpienie „void boost::signals2::detail::auto_buffer<boost::shared_ptr<void>,boost::signals2::detail::store_n_objects<10>,boost::signals2::detail::default_grow_policy,std::allocator<T>>::copy_impl<I>(I,I,boost::shared_ptr<void> *,std::random_access_iterator_tag)” jest kompilowane
          with
          [
              T=boost::shared_ptr<void>,
              I=boost::shared_ptr<void> *
          ]
  c:\local\boost_1_64_0\boost\signals2\detail\auto_buffer.hpp(296): note: zobacz odwołanie do funkcji szablon; wystąpienie „void boost::signals2::detail::auto_buffer<boost::shared_ptr<void>,boost::signals2::detail::store_n_objects<10>,boost::signals2::detail::default_grow_policy,std::allocator<T>>::copy_impl<boost::shared_ptr<void>*>(I,I,boost::shared_ptr<void> *)” jest kompilowane
          with
          [
              T=boost::shared_ptr<void>,
              I=boost::shared_ptr<void> *
          ]
  c:\local\boost_1_64_0\boost\signals2\detail\auto_buffer.hpp(296): note: zobacz odwołanie do funkcji szablon; wystąpienie „void boost::signals2::detail::auto_buffer<boost::shared_ptr<void>,boost::signals2::detail::store_n_objects<10>,boost::signals2::detail::default_grow_policy,std::allocator<T>>::copy_impl<boost::shared_ptr<void>*>(I,I,boost::shared_ptr<void> *)” jest kompilowane
          with
          [
              T=boost::shared_ptr<void>,
              I=boost::shared_ptr<void> *
          ]
  c:\local\boost_1_64_0\boost\signals2\detail\auto_buffer.hpp(294): note: podczas kompilowania funkcji członkowskiej „<Nieznany>” klasy klasa <Nieznany>
  c:\local\boost_1_64_0\boost\signals2\detail\auto_buffer.hpp(302): note: zobacz odwołanie do funkcji szablon; wystąpienie „boost::shared_ptr<void> *boost::signals2::detail::auto_buffer<boost::shared_ptr<void>,boost::signals2::detail::store_n_objects<10>,boost::signals2::detail::default_grow_policy,std::allocator<T>>::move_to_new_buffer(unsigned __int64,const boost::true_type &)” jest kompilowane
          with
          [
              T=boost::shared_ptr<void>
          ]
  c:\local\boost_1_64_0\boost\signals2\connection.hpp(53): note: zobacz odwołanie do klasy klasa szablon; wystąpienie „boost::signals2::detail::auto_buffer<boost::shared_ptr<void>,boost::signals2::detail::store_n_objects<10>,boost::signals2::detail::default_grow_policy,std::allocator<T>>” jest kompilowane
          with
          [
              T=boost::shared_ptr<void>
          ]
  c:\local\boost_1_64_0\boost\signals2\connection.hpp(55): note: zobacz odwołanie do klasy klasa szablon; wystąpienie „boost::signals2::detail::garbage_collecting_lock<Mutex>” jest kompilowane
  c:\local\boost_1_64_0\boost\bind\placeholders.hpp(54): note: zobacz odwołanie do klasy klasa szablon; wystąpienie „boost::arg<9>” jest kompilowane
  c:\local\boost_1_64_0\boost\bind\placeholders.hpp(53): note: zobacz odwołanie do klasy klasa szablon; wystąpienie „boost::arg<8>” jest kompilowane
  c:\local\boost_1_64_0\boost\bind\placeholders.hpp(52): note: zobacz odwołanie do klasy klasa szablon; wystąpienie „boost::arg<7>” jest kompilowane
  c:\local\boost_1_64_0\boost\bind\placeholders.hpp(51): note: zobacz odwołanie do klasy klasa szablon; wystąpienie „boost::arg<6>” jest kompilowane
  c:\local\boost_1_64_0\boost\bind\placeholders.hpp(50): note: zobacz odwołanie do klasy klasa szablon; wystąpienie „boost::arg<5>” jest kompilowane
  c:\local\boost_1_64_0\boost\bind\placeholders.hpp(49): note: zobacz odwołanie do klasy klasa szablon; wystąpienie „boost::arg<4>” jest kompilowane
  c:\local\boost_1_64_0\boost\bind\placeholders.hpp(48): note: zobacz odwołanie do klasy klasa szablon; wystąpienie „boost::arg<3>” jest kompilowane
  c:\local\boost_1_64_0\boost\bind\placeholders.hpp(47): note: zobacz odwołanie do klasy klasa szablon; wystąpienie „boost::arg<2>” jest kompilowane
  c:\local\boost_1_64_0\boost\bind\placeholders.hpp(46): note: zobacz odwołanie do klasy klasa szablon; wystąpienie „boost::arg<1>” jest kompilowane
  Parser.cpp
